Loading required package: permute
Loading required package: lattice
This is vegan 2.3-3
Loading required package: ape

Attaching package: ‘phangorn’

The following objects are masked from ‘package:vegan’:

    diversity, treedist

Loading required package: MASS
Loading required package: NADA
Loading required package: methods
Loading required package: survival

Attaching package: ‘NADA’

The following object is masked from ‘package:stats’:

    cor

Loading required package: truncnorm
[1] "calculated proportional abundance"
[1] "calculating weights..."
[1] "calculating pairwise distances..."
[1] "done"
[1] "calculated proportional abundance"
[1] "calculating weights..."
[1] "calculating pairwise distances..."
[1] "done"
[1] "calculated proportional abundance"
[1] "calculating weights..."
[1] "calculating pairwise distances..."
[1] "done"
[1] "calculated proportional abundance"
[1] "calculating weights..."
[1] "calculating pairwise distances..."
[1] "done"
[1] "Right Cluster to Left Cluster Movement: "
[1] "700015263"
[1] "Right Cluster to Left Cluster Movement: "
[1] "700107195"
[1] "Right Cluster to Left Cluster Movement: "
[1] "700108845"
[1] "Right Cluster to Left Cluster Movement: "
[1] "700109179"
[1] "Right Cluster to Left Cluster Movement: "
[1] "700109236"
[1] "Right Cluster to Left Cluster Movement: "
[1] "700109323"
[1] "Left Cluster to Right Cluster Movement: "
[1] "700014609"
[1] "Left Cluster to Right Cluster Movement: "
[1] "700014971"
[1] "Left Cluster to Right Cluster Movement: "
[1] "700015131"
[1] "Left Cluster to Right Cluster Movement: "
[1] "700108167"
[1] "Right Cluster to Left Cluster Movement: "
[1] "bm_700107881"
[1] "Right Cluster to Left Cluster Movement: "
[1] "bm_700033225"
[1] "Right Cluster to Left Cluster Movement: "
[1] "bm_700024343"
[1] "Right Cluster to Left Cluster Movement: "
[1] "bm_700014977"
[1] "Left Cluster to Right Cluster Movement: "
[1] "td_700114709"
null device 
          1 
